# JRE version: OpenJDK Runtime Environment Temurin-17.0.7+7 (17.0.7+7) (build 17.0.7+7)
# Java VM: OpenJDK 64-Bit Server VM Temurin-17.0.7+7 (17.0.7+7, mixed mode, tiered, compressed oops, compressed class ptrs, parallel gc, bsd-amd64)
GC Precious Log:
 CPUs: 4 total, 4 available
 Memory: 8192M
 Large Page Support: Disabled
 NUMA Support: Disabled
 Compressed Oops: Enabled (Zero based)
 Alignments: Space 512K, Generation 512K, Heap 2M
 Heap Min Capacity: 100M
 Heap Initial Capacity: 100M
 Heap Max Capacity: 1G
 Pre-touch: Disabled
 Parallel Workers: 4
Heap:
 PSYoungGen      total 5632K, used 5299K [0x00000007eab00000, 0x00000007eb600000, 0x0000000800000000)
  eden space 4096K, 96% used [0x00000007eab00000,0x00000007eaee0640,0x00000007eaf00000)
  from space 1536K, 86% used [0x00000007eb480000,0x00000007eb5cc6d8,0x00000007eb600000)
  to   space 2048K, 0% used [0x00000007eb200000,0x00000007eb200000,0x00000007eb400000)
 ParOldGen       total 182272K, used 178926K [0x00000007c0000000, 0x00000007cb200000, 0x00000007eab00000)
  object space 182272K, 98% used [0x00000007c0000000,0x00000007caebb8c8,0x00000007cb200000)
 Metaspace       used 80340K, committed 81728K, reserved 1179648K
  class space    used 8550K, committed 9216K, reserved 1048576K
GC Heap History (20 events):
Event: 1870.807 GC heap after
{Heap after GC invocations=482 (full 25):
 PSYoungGen      total 5120K, used 2018K [0x00000007eab00000, 0x00000007eb600000, 0x0000000800000000)
  eden space 3072K, 0% used [0x00000007eab00000,0x00000007eab00000,0x00000007eae00000)
  from space 2048K, 98% used [0x00000007eb000000,0x00000007eb1f8bc0,0x00000007eb200000)
  to   space 4096K, 0% used [0x00000007eb200000,0x00000007eb200000,0x00000007eb600000)
 ParOldGen       total 158720K, used 126973K [0x00000007c0000000, 0x00000007c9b00000, 0x00000007eab00000)
  object space 158720K, 79% used [0x00000007c0000000,0x00000007c7bff6a8,0x00000007c9b00000)
 Metaspace       used 80212K, committed 81600K, reserved 1179648K
  class space    used 8533K, committed 9216K, reserved 1048576K
}
Event: 1870.833 GC heap before
{Heap before GC invocations=483 (full 25):
 PSYoungGen      total 5120K, used 5090K [0x00000007eab00000, 0x00000007eb600000, 0x0000000800000000)
  eden space 3072K, 100% used [0x00000007eab00000,0x00000007eae00000,0x00000007eae00000)
  from space 2048K, 98% used [0x00000007eb000000,0x00000007eb1f8bc0,0x00000007eb200000)
  to   space 4096K, 0% used [0x00000007eb200000,0x00000007eb200000,0x00000007eb600000)
 ParOldGen       total 158720K, used 126973K [0x00000007c0000000, 0x00000007c9b00000, 0x00000007eab00000)
  object space 158720K, 79% used [0x00000007c0000000,0x00000007c7bff6a8,0x00000007c9b00000)
 Metaspace       used 80212K, committed 81600K, reserved 1179648K
  class space    used 8533K, committed 9216K, reserved 1048576K
}
Event: 1870.848 GC heap after
{Heap after GC invocations=483 (full 25):
 PSYoungGen      total 7168K, used 1978K [0x00000007eab00000, 0x00000007eb500000, 0x0000000800000000)
  eden space 4096K, 0% used [0x00000007eab00000,0x00000007eab00000,0x00000007eaf00000)
  from space 3072K, 64% used [0x00000007eb200000,0x00000007eb3eeb80,0x00000007eb500000)
  to   space 3072K, 0% used [0x00000007eaf00000,0x00000007eaf00000,0x00000007eb200000)
 ParOldGen       total 158720K, used 128973K [0x00000007c0000000, 0x00000007c9b00000, 0x00000007eab00000)
  object space 158720K, 81% used [0x00000007c0000000,0x00000007c7df3580,0x00000007c9b00000)
 Metaspace       used 80212K, committed 81600K, reserved 1179648K
  class space    used 8533K, committed 9216K, reserved 1048576K
}
Event: 1870.977 GC heap before
{Heap before GC invocations=484 (full 25):
 PSYoungGen      total 7168K, used 6074K [0x00000007eab00000, 0x00000007eb500000, 0x0000000800000000)
  eden space 4096K, 100% used [0x00000007eab00000,0x00000007eaf00000,0x00000007eaf00000)
  from space 3072K, 64% used [0x00000007eb200000,0x00000007eb3eeb80,0x00000007eb500000)
  to   space 3072K, 0% used [0x00000007eaf00000,0x00000007eaf00000,0x00000007eb200000)
 ParOldGen       total 158720K, used 128973K [0x00000007c0000000, 0x00000007c9b00000, 0x00000007eab00000)
  object space 158720K, 81% used [0x00000007c0000000,0x00000007c7df3580,0x00000007c9b00000)
 Metaspace       used 80215K, committed 81600K, reserved 1179648K
  class space    used 8533K, committed 9216K, reserved 1048576K
}
Event: 1870.991 GC heap after
{Heap after GC invocations=484 (full 25):
 PSYoungGen      total 5120K, used 560K [0x00000007eab00000, 0x00000007eb300000, 0x0000000800000000)
  eden space 4096K, 0% used [0x00000007eab00000,0x00000007eab00000,0x00000007eaf00000)
  from space 1024K, 54% used [0x00000007eaf00000,0x00000007eaf8c010,0x00000007eb000000)
  to   space 1536K, 0% used [0x00000007eb180000,0x00000007eb180000,0x00000007eb300000)
 ParOldGen       total 158720K, used 130836K [0x00000007c0000000, 0x00000007c9b00000, 0x00000007eab00000)
  object space 158720K, 82% used [0x00000007c0000000,0x00000007c7fc5118,0x00000007c9b00000)
 Metaspace       used 80215K, committed 81600K, reserved 1179648K
  class space    used 8533K, committed 9216K, reserved 1048576K
}
Event: 2086.838 GC heap before
{Heap before GC invocations=485 (full 25):
 PSYoungGen      total 5120K, used 4656K [0x00000007eab00000, 0x00000007eb300000, 0x0000000800000000)
  eden space 4096K, 99% used [0x00000007eab00000,0x00000007eaeffff8,0x00000007eaf00000)
  from space 1024K, 54% used [0x00000007eaf00000,0x00000007eaf8c010,0x00000007eb000000)
  to   space 1536K, 0% used [0x00000007eb180000,0x00000007eb180000,0x00000007eb300000)
 ParOldGen       total 158720K, used 130836K [0x00000007c0000000, 0x00000007c9b00000, 0x00000007eab00000)
  object space 158720K, 82% used [0x00000007c0000000,0x00000007c7fc5118,0x00000007c9b00000)
 Metaspace       used 80218K, committed 81600K, reserved 1179648K
  class space    used 8533K, committed 9216K, reserved 1048576K
}
Event: 2086.877 GC heap after
{Heap after GC invocations=485 (full 25):
 PSYoungGen      total 5120K, used 624K [0x00000007eab00000, 0x00000007eb280000, 0x0000000800000000)
  eden space 4096K, 0% used [0x00000007eab00000,0x00000007eab00000,0x00000007eaf00000)
  from space 1024K, 60% used [0x00000007eb180000,0x00000007eb21c010,0x00000007eb280000)
  to   space 1024K, 0% used [0x00000007eaf00000,0x00000007eaf00000,0x00000007eb000000)
 ParOldGen       total 158720K, used 131288K [0x00000007c0000000, 0x00000007c9b00000, 0x00000007eab00000)
  object space 158720K, 82% used [0x00000007c0000000,0x00000007c8036218,0x00000007c9b00000)
 Metaspace       used 80218K, committed 81600K, reserved 1179648K
  class space    used 8533K, committed 9216K, reserved 1048576K
}
Event: 2401.007 GC heap before
{Heap before GC invocations=486 (full 25):
 PSYoungGen      total 5120K, used 4720K [0x00000007eab00000, 0x00000007eb280000, 0x0000000800000000)
  eden space 4096K, 100% used [0x00000007eab00000,0x00000007eaf00000,0x00000007eaf00000)
  from space 1024K, 60% used [0x00000007eb180000,0x00000007eb21c010,0x00000007eb280000)
  to   space 1024K, 0% used [0x00000007eaf00000,0x00000007eaf00000,0x00000007eb000000)
 ParOldGen       total 158720K, used 131288K [0x00000007c0000000, 0x00000007c9b00000, 0x00000007eab00000)
  object space 158720K, 82% used [0x00000007c0000000,0x00000007c8036218,0x00000007c9b00000)
 Metaspace       used 80226K, committed 81600K, reserved 1179648K
  class space    used 8533K, committed 9216K, reserved 1048576K
}
Event: 2401.025 GC heap after
{Heap after GC invocations=486 (full 25):
 PSYoungGen      total 5120K, used 995K [0x00000007eab00000, 0x00000007eb700000, 0x0000000800000000)
  eden space 4096K, 0% used [0x00000007eab00000,0x00000007eab00000,0x00000007eaf00000)
  from space 1024K, 97% used [0x00000007eaf00000,0x00000007eaff8f50,0x00000007eb000000)
  to   space 4096K, 0% used [0x00000007eb300000,0x00000007eb300000,0x00000007eb700000)
 ParOldGen       total 158720K, used 133530K [0x00000007c0000000, 0x00000007c9b00000, 0x00000007eab00000)
  object space 158720K, 84% used [0x00000007c0000000,0x00000007c8266878,0x00000007c9b00000)
 Metaspace       used 80226K, committed 81600K, reserved 1179648K
  class space    used 8533K, committed 9216K, reserved 1048576K
}
Event: 2401.080 GC heap before
{Heap before GC invocations=487 (full 25):
 PSYoungGen      total 5120K, used 5091K [0x00000007eab00000, 0x00000007eb700000, 0x0000000800000000)
  eden space 4096K, 100% used [0x00000007eab00000,0x00000007eaf00000,0x00000007eaf00000)
  from space 1024K, 97% used [0x00000007eaf00000,0x00000007eaff8f50,0x00000007eb000000)
  to   space 4096K, 0% used [0x00000007eb300000,0x00000007eb300000,0x00000007eb700000)
 ParOldGen       total 158720K, used 133530K [0x00000007c0000000, 0x00000007c9b00000, 0x00000007eab00000)
  object space 158720K, 84% used [0x00000007c0000000,0x00000007c8266878,0x00000007c9b00000)
 Metaspace       used 80227K, committed 81600K, reserved 1179648K
  class space    used 8533K, committed 9216K, reserved 1048576K
}
Event: 2401.096 GC heap after
{Heap after GC invocations=487 (full 25):
 PSYoungGen      total 7680K, used 3392K [0x00000007eab00000, 0x00000007eb680000, 0x0000000800000000)
  eden space 4096K, 0% used [0x00000007eab00000,0x00000007eab00000,0x00000007eaf00000)
  from space 3584K, 94% used [0x00000007eb300000,0x00000007eb650000,0x00000007eb680000)
  to   space 3584K, 0% used [0x00000007eaf80000,0x00000007eaf80000,0x00000007eb300000)
 ParOldGen       total 158720K, used 134549K [0x00000007c0000000, 0x00000007c9b00000, 0x00000007eab00000)
  object space 158720K, 84% used [0x00000007c0000000,0x00000007c83657c8,0x00000007c9b00000)
 Metaspace       used 80227K, committed 81600K, reserved 1179648K
  class space    used 8533K, committed 9216K, reserved 1048576K
}
Event: 2401.166 GC heap before
{Heap before GC invocations=488 (full 25):
 PSYoungGen      total 7680K, used 7488K [0x00000007eab00000, 0x00000007eb680000, 0x0000000800000000)
  eden space 4096K, 100% used [0x00000007eab00000,0x00000007eaf00000,0x00000007eaf00000)
  from space 3584K, 94% used [0x00000007eb300000,0x00000007eb650000,0x00000007eb680000)
  to   space 3584K, 0% used [0x00000007eaf80000,0x00000007eaf80000,0x00000007eb300000)
 ParOldGen       total 158720K, used 134549K [0x00000007c0000000, 0x00000007c9b00000, 0x00000007eab00000)
  object space 158720K, 84% used [0x00000007c0000000,0x00000007c83657c8,0x00000007c9b00000)
 Metaspace       used 80227K, committed 81600K, reserved 1179648K
  class space    used 8533K, committed 9216K, reserved 1048576K
}
Event: 2401.185 GC heap after
{Heap after GC invocations=488 (full 25):
 PSYoungGen      total 7680K, used 3584K [0x00000007eab00000, 0x00000007ebf00000, 0x0000000800000000)
  eden space 4096K, 0% used [0x00000007eab00000,0x00000007eab00000,0x00000007eaf00000)
  from space 3584K, 100% used [0x00000007eaf80000,0x00000007eb300000,0x00000007eb300000)
  to   space 8192K, 0% used [0x00000007eb700000,0x00000007eb700000,0x00000007ebf00000)
 ParOldGen       total 158720K, used 138381K [0x00000007c0000000, 0x00000007c9b00000, 0x00000007eab00000)
  object space 158720K, 87% used [0x00000007c0000000,0x00000007c87237c8,0x00000007c9b00000)
 Metaspace       used 80227K, committed 81600K, reserved 1179648K
  class space    used 8533K, committed 9216K, reserved 1048576K
}
Event: 2401.240 GC heap before
{Heap before GC invocations=489 (full 25):
 PSYoungGen      total 7680K, used 7680K [0x00000007eab00000, 0x00000007ebf00000, 0x0000000800000000)
  eden space 4096K, 100% used [0x00000007eab00000,0x00000007eaf00000,0x00000007eaf00000)
  from space 3584K, 100% used [0x00000007eaf80000,0x00000007eb300000,0x00000007eb300000)
  to   space 8192K, 0% used [0x00000007eb700000,0x00000007eb700000,0x00000007ebf00000)
 ParOldGen       total 158720K, used 138381K [0x00000007c0000000, 0x00000007c9b00000, 0x00000007eab00000)
  object space 158720K, 87% used [0x00000007c0000000,0x00000007c87237c8,0x00000007c9b00000)
 Metaspace       used 80232K, committed 81600K, reserved 1179648K
  class space    used 8533K, committed 9216K, reserved 1048576K
}
Event: 2401.256 GC heap after
{Heap after GC invocations=489 (full 25):
 PSYoungGen      total 7168K, used 2931K [0x00000007eab00000, 0x00000007eba00000, 0x0000000800000000)
  eden space 4096K, 0% used [0x00000007eab00000,0x00000007eab00000,0x00000007eaf00000)
  from space 3072K, 95% used [0x00000007eb700000,0x00000007eb9dcd10,0x00000007eba00000)
  to   space 4608K, 0% used [0x00000007eb100000,0x00000007eb100000,0x00000007eb580000)
 ParOldGen       total 158720K, used 142013K [0x00000007c0000000, 0x00000007c9b00000, 0x00000007eab00000)
  object space 158720K, 89% used [0x00000007c0000000,0x00000007c8aaf7c8,0x00000007c9b00000)
 Metaspace       used 80232K, committed 81600K, reserved 1179648K
  class space    used 8533K, committed 9216K, reserved 1048576K
}
Event: 2401.309 GC heap before
{Heap before GC invocations=490 (full 25):
 PSYoungGen      total 7168K, used 7027K [0x00000007eab00000, 0x00000007eba00000, 0x0000000800000000)
  eden space 4096K, 99% used [0x00000007eab00000,0x00000007eaefffe8,0x00000007eaf00000)
  from space 3072K, 95% used [0x00000007eb700000,0x00000007eb9dcd10,0x00000007eba00000)
  to   space 4608K, 0% used [0x00000007eb100000,0x00000007eb100000,0x00000007eb580000)
 ParOldGen       total 158720K, used 142013K [0x00000007c0000000, 0x00000007c9b00000, 0x00000007eab00000)
  object space 158720K, 89% used [0x00000007c0000000,0x00000007c8aaf7c8,0x00000007c9b00000)
 Metaspace       used 80237K, committed 81600K, reserved 1179648K
  class space    used 8533K, committed 9216K, reserved 1048576K
}
Event: 2401.316 GC heap after
{Heap after GC invocations=490 (full 25):
 PSYoungGen      total 6656K, used 2458K [0x00000007eab00000, 0x00000007eb780000, 0x0000000800000000)
  eden space 4096K, 0% used [0x00000007eab00000,0x00000007eab00000,0x00000007eaf00000)
  from space 2560K, 96% used [0x00000007eb100000,0x00000007eb366800,0x00000007eb380000)
  to   space 3072K, 0% used [0x00000007eb480000,0x00000007eb480000,0x00000007eb780000)
 ParOldGen       total 158720K, used 144786K [0x00000007c0000000, 0x00000007c9b00000, 0x00000007eab00000)
  object space 158720K, 91% used [0x00000007c0000000,0x00000007c8d64898,0x00000007c9b00000)
 Metaspace       used 80237K, committed 81600K, reserved 1179648K
  class space    used 8533K, committed 9216K, reserved 1048576K
}
Event: 2401.428 GC heap before
{Heap before GC invocations=491 (full 25):
 PSYoungGen      total 6656K, used 6554K [0x00000007eab00000, 0x00000007eb780000, 0x0000000800000000)
  eden space 4096K, 100% used [0x00000007eab00000,0x00000007eaf00000,0x00000007eaf00000)
  from space 2560K, 96% used [0x00000007eb100000,0x00000007eb366800,0x00000007eb380000)
  to   space 3072K, 0% used [0x00000007eb480000,0x00000007eb480000,0x00000007eb780000)
 ParOldGen       total 158720K, used 144786K [0x00000007c0000000, 0x00000007c9b00000, 0x00000007eab00000)
  object space 158720K, 91% used [0x00000007c0000000,0x00000007c8d64898,0x00000007c9b00000)
 Metaspace       used 80317K, committed 81664K, reserved 1179648K
  class space    used 8550K, committed 9216K, reserved 1048576K
}
Event: 2401.442 GC heap after
{Heap after GC invocations=491 (full 25):
 PSYoungGen      total 5632K, used 1329K [0x00000007eab00000, 0x00000007eb600000, 0x0000000800000000)
  eden space 4096K, 0% used [0x00000007eab00000,0x00000007eab00000,0x00000007eaf00000)
  from space 1536K, 86% used [0x00000007eb480000,0x00000007eb5cc6d8,0x00000007eb600000)
  to   space 2048K, 0% used [0x00000007eb200000,0x00000007eb200000,0x00000007eb400000)
 ParOldGen       total 158720K, used 148206K [0x00000007c0000000, 0x00000007c9b00000, 0x00000007eab00000)
  object space 158720K, 93% used [0x00000007c0000000,0x00000007c90bb898,0x00000007c9b00000)
 Metaspace       used 80317K, committed 81664K, reserved 1179648K
  class space    used 8550K, committed 9216K, reserved 1048576K
}
Event: 2401.727 GC heap before
{Heap before GC invocations=492 (full 26):
 PSYoungGen      total 5632K, used 5299K [0x00000007eab00000, 0x00000007eb600000, 0x0000000800000000)
  eden space 4096K, 96% used [0x00000007eab00000,0x00000007eaee0640,0x00000007eaf00000)
  from space 1536K, 86% used [0x00000007eb480000,0x00000007eb5cc6d8,0x00000007eb600000)
  to   space 2048K, 0% used [0x00000007eb200000,0x00000007eb200000,0x00000007eb400000)
 ParOldGen       total 182272K, used 178926K [0x00000007c0000000, 0x00000007cb200000, 0x00000007eab00000)
  object space 182272K, 98% used [0x00000007c0000000,0x00000007caebb8c8,0x00000007cb200000)
 Metaspace       used 80340K, committed 81728K, reserved 1179648K
  class space    used 8550K, committed 9216K, reserved 1048576K
}

