# JRE version: Java(TM) SE Runtime Environment (17.0.7+8) (build 17.0.7+8-LTS-224)
# Java VM: Java HotSpot(TM) 64-Bit Server VM (17.0.7+8-LTS-224, mixed mode, sharing, tiered, compressed oops, compressed class ptrs, g1 gc, bsd-amd64)
GC Precious Log:
 CPUs: 4 total, 4 available
 Memory: 8192M
 Large Page Support: Disabled
 NUMA Support: Disabled
 Compressed Oops: Enabled (Zero based)
 Heap Region Size: 1M
 Heap Min Capacity: 8M
 Heap Initial Capacity: 128M
 Heap Max Capacity: 2G
 Pre-touch: Disabled
 Parallel Workers: 4
 Concurrent Workers: 1
 Concurrent Refinement Workers: 4
 Periodic GC: Disabled
Heap:
 garbage-first heap   total 86016K, used 36978K [0x0000000780000000, 0x0000000800000000)
  region size 1024K, 5 young (5120K), 2 survivors (2048K)
 Metaspace       used 73707K, committed 74432K, reserved 1114112K
  class space    used 9664K, committed 10048K, reserved 1048576K
GC Heap History (20 events):
Event: 234,544 GC heap before
{Heap before GC invocations=29 (full 2):
 garbage-first heap   total 86016K, used 65750K [0x0000000780000000, 0x0000000800000000)
  region size 1024K, 38 young (38912K), 2 survivors (2048K)
 Metaspace       used 70948K, committed 71616K, reserved 1114112K
  class space    used 9479K, committed 9792K, reserved 1048576K
}
Event: 234,550 GC heap after
{Heap after GC invocations=30 (full 2):
 garbage-first heap   total 86016K, used 32631K [0x0000000780000000, 0x0000000800000000)
  region size 1024K, 5 young (5120K), 5 survivors (5120K)
 Metaspace       used 70948K, committed 71616K, reserved 1114112K
  class space    used 9479K, committed 9792K, reserved 1048576K
}
Event: 238,063 GC heap before
{Heap before GC invocations=30 (full 2):
 garbage-first heap   total 86016K, used 66423K [0x0000000780000000, 0x0000000800000000)
  region size 1024K, 38 young (38912K), 5 survivors (5120K)
 Metaspace       used 71495K, committed 72192K, reserved 1114112K
  class space    used 9511K, committed 9856K, reserved 1048576K
}
Event: 238,071 GC heap after
{Heap after GC invocations=31 (full 2):
 garbage-first heap   total 86016K, used 34452K [0x0000000780000000, 0x0000000800000000)
  region size 1024K, 3 young (3072K), 3 survivors (3072K)
 Metaspace       used 71495K, committed 72192K, reserved 1114112K
  class space    used 9511K, committed 9856K, reserved 1048576K
}
Event: 238,849 GC heap before
{Heap before GC invocations=31 (full 2):
 garbage-first heap   total 86016K, used 66196K [0x0000000780000000, 0x0000000800000000)
  region size 1024K, 34 young (34816K), 3 survivors (3072K)
 Metaspace       used 71660K, committed 72320K, reserved 1114112K
  class space    used 9521K, committed 9856K, reserved 1048576K
}
Event: 238,857 GC heap after
{Heap after GC invocations=32 (full 2):
 garbage-first heap   total 86016K, used 35733K [0x0000000780000000, 0x0000000800000000)
  region size 1024K, 4 young (4096K), 4 survivors (4096K)
 Metaspace       used 71660K, committed 72320K, reserved 1114112K
  class space    used 9521K, committed 9856K, reserved 1048576K
}
Event: 240,898 GC heap before
{Heap before GC invocations=32 (full 2):
 garbage-first heap   total 86016K, used 66453K [0x0000000780000000, 0x0000000800000000)
  region size 1024K, 35 young (35840K), 4 survivors (4096K)
 Metaspace       used 71884K, committed 72512K, reserved 1114112K
  class space    used 9535K, committed 9856K, reserved 1048576K
}
Event: 241,045 GC heap after
{Heap after GC invocations=33 (full 3):
 garbage-first heap   total 86016K, used 25714K [0x0000000780000000, 0x0000000800000000)
  region size 1024K, 0 young (0K), 0 survivors (0K)
 Metaspace       used 71873K, committed 72512K, reserved 1114112K
  class space    used 9533K, committed 9856K, reserved 1048576K
}
Event: 244,238 GC heap before
{Heap before GC invocations=33 (full 3):
 garbage-first heap   total 86016K, used 64626K [0x0000000780000000, 0x0000000800000000)
  region size 1024K, 39 young (39936K), 0 survivors (0K)
 Metaspace       used 72211K, committed 72960K, reserved 1114112K
  class space    used 9561K, committed 9920K, reserved 1048576K
}
Event: 244,242 GC heap after
{Heap after GC invocations=34 (full 3):
 garbage-first heap   total 86016K, used 29568K [0x0000000780000000, 0x0000000800000000)
  region size 1024K, 4 young (4096K), 4 survivors (4096K)
 Metaspace       used 72211K, committed 72960K, reserved 1114112K
  class space    used 9561K, committed 9920K, reserved 1048576K
}
Event: 248,573 GC heap before
{Heap before GC invocations=34 (full 3):
 garbage-first heap   total 86016K, used 65408K [0x0000000780000000, 0x0000000800000000)
  region size 1024K, 39 young (39936K), 4 survivors (4096K)
 Metaspace       used 72486K, committed 73216K, reserved 1114112K
  class space    used 9585K, committed 9920K, reserved 1048576K
}
Event: 248,576 GC heap after
{Heap after GC invocations=35 (full 3):
 garbage-first heap   total 86016K, used 28342K [0x0000000780000000, 0x0000000800000000)
  region size 1024K, 2 young (2048K), 2 survivors (2048K)
 Metaspace       used 72486K, committed 73216K, reserved 1114112K
  class space    used 9585K, committed 9920K, reserved 1048576K
}
Event: 249,925 GC heap before
{Heap before GC invocations=35 (full 3):
 garbage-first heap   total 86016K, used 66230K [0x0000000780000000, 0x0000000800000000)
  region size 1024K, 39 young (39936K), 2 survivors (2048K)
 Metaspace       used 72803K, committed 73536K, reserved 1114112K
  class space    used 9605K, committed 9984K, reserved 1048576K
}
Event: 249,930 GC heap after
{Heap after GC invocations=36 (full 3):
 garbage-first heap   total 86016K, used 31438K [0x0000000780000000, 0x0000000800000000)
  region size 1024K, 5 young (5120K), 5 survivors (5120K)
 Metaspace       used 72803K, committed 73536K, reserved 1114112K
  class space    used 9605K, committed 9984K, reserved 1048576K
}
Event: 251,679 GC heap before
{Heap before GC invocations=36 (full 3):
 garbage-first heap   total 86016K, used 66254K [0x0000000780000000, 0x0000000800000000)
  region size 1024K, 39 young (39936K), 5 survivors (5120K)
 Metaspace       used 73220K, committed 73920K, reserved 1114112K
  class space    used 9635K, committed 9984K, reserved 1048576K
}
Event: 251,686 GC heap after
{Heap after GC invocations=37 (full 3):
 garbage-first heap   total 86016K, used 33427K [0x0000000780000000, 0x0000000800000000)
  region size 1024K, 3 young (3072K), 3 survivors (3072K)
 Metaspace       used 73220K, committed 73920K, reserved 1114112K
  class space    used 9635K, committed 9984K, reserved 1048576K
}
Event: 252,180 GC heap before
{Heap before GC invocations=37 (full 3):
 garbage-first heap   total 86016K, used 66195K [0x0000000780000000, 0x0000000800000000)
  region size 1024K, 35 young (35840K), 3 survivors (3072K)
 Metaspace       used 73446K, committed 74176K, reserved 1114112K
  class space    used 9649K, committed 9984K, reserved 1048576K
}
Event: 252,185 GC heap after
{Heap after GC invocations=38 (full 3):
 garbage-first heap   total 86016K, used 34392K [0x0000000780000000, 0x0000000800000000)
  region size 1024K, 4 young (4096K), 4 survivors (4096K)
 Metaspace       used 73446K, committed 74176K, reserved 1114112K
  class space    used 9649K, committed 9984K, reserved 1048576K
}
Event: 260,041 GC heap before
{Heap before GC invocations=38 (full 3):
 garbage-first heap   total 86016K, used 67160K [0x0000000780000000, 0x0000000800000000)
  region size 1024K, 36 young (36864K), 4 survivors (4096K)
 Metaspace       used 73654K, committed 74432K, reserved 1114112K
  class space    used 9664K, committed 10048K, reserved 1048576K
}
Event: 260,048 GC heap after
{Heap after GC invocations=39 (full 3):
 garbage-first heap   total 86016K, used 34930K [0x0000000780000000, 0x0000000800000000)
  region size 1024K, 2 young (2048K), 2 survivors (2048K)
 Metaspace       used 73654K, committed 74432K, reserved 1114112K
  class space    used 9664K, committed 10048K, reserved 1048576K
}

