# JRE version: OpenJDK Runtime Environment Temurin-17.0.8.1+1 (17.0.8.1+1) (build 17.0.8.1+1)
# Java VM: OpenJDK 64-Bit Server VM Temurin-17.0.8.1+1 (17.0.8.1+1, mixed mode, tiered, compressed oops, compressed class ptrs, parallel gc, bsd-amd64)
GC Precious Log:
 CPUs: 4 total, 4 available
 Memory: 8192M
 Large Page Support: Disabled
 NUMA Support: Disabled
 Compressed Oops: Enabled (Zero based)
 Alignments: Space 512K, Generation 512K, Heap 2M
 Heap Min Capacity: 100M
 Heap Initial Capacity: 100M
 Heap Max Capacity: 1G
 Pre-touch: Disabled
 Parallel Workers: 4
Heap:
 PSYoungGen      total 18432K, used 804K [0x00000007eab00000, 0x00000007ecd00000, 0x0000000800000000)
  eden space 17408K, 0% used [0x00000007eab00000,0x00000007eab00000,0x00000007ebc00000)
  from space 1024K, 78% used [0x00000007ecc00000,0x00000007eccc9210,0x00000007ecd00000)
  to   space 6656K, 0% used [0x00000007ec000000,0x00000007ec000000,0x00000007ec680000)
 ParOldGen       total 116224K, used 111897K [0x00000007c0000000, 0x00000007c7180000, 0x00000007eab00000)
  object space 116224K, 96% used [0x00000007c0000000,0x00000007c6d464f8,0x00000007c7180000)
 Metaspace       used 72508K, committed 73664K, reserved 1114112K
  class space    used 7757K, committed 8256K, reserved 1048576K
GC Heap History (20 events):
Event: 1705.646 GC heap after
{Heap after GC invocations=60 (full 4):
 PSYoungGen      total 15872K, used 3460K [0x00000007eab00000, 0x00000007ec000000, 0x0000000800000000)
  eden space 12288K, 0% used [0x00000007eab00000,0x00000007eab00000,0x00000007eb700000)
  from space 3584K, 96% used [0x00000007eb700000,0x00000007eba61390,0x00000007eba80000)
  to   space 4608K, 0% used [0x00000007ebb80000,0x00000007ebb80000,0x00000007ec000000)
 ParOldGen       total 81920K, used 63378K [0x00000007c0000000, 0x00000007c5000000, 0x00000007eab00000)
  object space 81920K, 77% used [0x00000007c0000000,0x00000007c3de4900,0x00000007c5000000)
 Metaspace       used 71453K, committed 72576K, reserved 1114112K
  class space    used 7639K, committed 8064K, reserved 1048576K
}
Event: 1705.748 GC heap before
{Heap before GC invocations=61 (full 4):
 PSYoungGen      total 15872K, used 15748K [0x00000007eab00000, 0x00000007ec000000, 0x0000000800000000)
  eden space 12288K, 100% used [0x00000007eab00000,0x00000007eb700000,0x00000007eb700000)
  from space 3584K, 96% used [0x00000007eb700000,0x00000007eba61390,0x00000007eba80000)
  to   space 4608K, 0% used [0x00000007ebb80000,0x00000007ebb80000,0x00000007ec000000)
 ParOldGen       total 81920K, used 63485K [0x00000007c0000000, 0x00000007c5000000, 0x00000007eab00000)
  object space 81920K, 77% used [0x00000007c0000000,0x00000007c3dff540,0x00000007c5000000)
 Metaspace       used 71603K, committed 72704K, reserved 1114112K
  class space    used 7653K, committed 8128K, reserved 1048576K
}
Event: 1705.778 GC heap after
{Heap after GC invocations=61 (full 4):
 PSYoungGen      total 12800K, used 96K [0x00000007eab00000, 0x00000007ebc00000, 0x0000000800000000)
  eden space 12288K, 0% used [0x00000007eab00000,0x00000007eab00000,0x00000007eb700000)
  from space 512K, 18% used [0x00000007ebb80000,0x00000007ebb98000,0x00000007ebc00000)
  to   space 1536K, 0% used [0x00000007eb900000,0x00000007eb900000,0x00000007eba80000)
 ParOldGen       total 81920K, used 73939K [0x00000007c0000000, 0x00000007c5000000, 0x00000007eab00000)
  object space 81920K, 90% used [0x00000007c0000000,0x00000007c4834d58,0x00000007c5000000)
 Metaspace       used 71603K, committed 72704K, reserved 1114112K
  class space    used 7653K, committed 8128K, reserved 1048576K
}
Event: 1705.778 GC heap before
{Heap before GC invocations=62 (full 5):
 PSYoungGen      total 12800K, used 96K [0x00000007eab00000, 0x00000007ebc00000, 0x0000000800000000)
  eden space 12288K, 0% used [0x00000007eab00000,0x00000007eab00000,0x00000007eb700000)
  from space 512K, 18% used [0x00000007ebb80000,0x00000007ebb98000,0x00000007ebc00000)
  to   space 1536K, 0% used [0x00000007eb900000,0x00000007eb900000,0x00000007eba80000)
 ParOldGen       total 81920K, used 73939K [0x00000007c0000000, 0x00000007c5000000, 0x00000007eab00000)
  object space 81920K, 90% used [0x00000007c0000000,0x00000007c4834d58,0x00000007c5000000)
 Metaspace       used 71603K, committed 72704K, reserved 1114112K
  class space    used 7653K, committed 8128K, reserved 1048576K
}
Event: 1705.989 GC heap after
{Heap after GC invocations=62 (full 5):
 PSYoungGen      total 13824K, used 0K [0x00000007eab00000, 0x00000007ebc00000, 0x0000000800000000)
  eden space 12288K, 0% used [0x00000007eab00000,0x00000007eab00000,0x00000007eb700000)
  from space 1536K, 0% used [0x00000007eb900000,0x00000007eb900000,0x00000007eba80000)
  to   space 1536K, 0% used [0x00000007eba80000,0x00000007eba80000,0x00000007ebc00000)
 ParOldGen       total 102400K, used 65430K [0x00000007c0000000, 0x00000007c6400000, 0x00000007eab00000)
  object space 102400K, 63% used [0x00000007c0000000,0x00000007c3fe5820,0x00000007c6400000)
 Metaspace       used 71603K, committed 72704K, reserved 1114112K
  class space    used 7653K, committed 8128K, reserved 1048576K
}
Event: 1706.075 GC heap before
{Heap before GC invocations=63 (full 6):
 PSYoungGen      total 13824K, used 12288K [0x00000007eab00000, 0x00000007ebc00000, 0x0000000800000000)
  eden space 12288K, 100% used [0x00000007eab00000,0x00000007eb700000,0x00000007eb700000)
  from space 1536K, 0% used [0x00000007eb900000,0x00000007eb900000,0x00000007eba80000)
  to   space 1536K, 0% used [0x00000007eba80000,0x00000007eba80000,0x00000007ebc00000)
 ParOldGen       total 102400K, used 91761K [0x00000007c0000000, 0x00000007c6400000, 0x00000007eab00000)
  object space 102400K, 89% used [0x00000007c0000000,0x00000007c599c650,0x00000007c6400000)
 Metaspace       used 71698K, committed 72896K, reserved 1114112K
  class space    used 7666K, committed 8128K, reserved 1048576K
}
Event: 1706.231 GC heap after
{Heap after GC invocations=63 (full 6):
 PSYoungGen      total 13824K, used 0K [0x00000007eab00000, 0x00000007ebb00000, 0x0000000800000000)
  eden space 13312K, 0% used [0x00000007eab00000,0x00000007eab00000,0x00000007eb800000)
  from space 512K, 0% used [0x00000007eba80000,0x00000007eba80000,0x00000007ebb00000)
  to   space 1536K, 0% used [0x00000007eb800000,0x00000007eb800000,0x00000007eb980000)
 ParOldGen       total 116224K, used 67838K [0x00000007c0000000, 0x00000007c7180000, 0x00000007eab00000)
  object space 116224K, 58% used [0x00000007c0000000,0x00000007c423f848,0x00000007c7180000)
 Metaspace       used 71698K, committed 72896K, reserved 1114112K
  class space    used 7666K, committed 8128K, reserved 1048576K
}
Event: 1706.493 GC heap before
{Heap before GC invocations=64 (full 6):
 PSYoungGen      total 13824K, used 13312K [0x00000007eab00000, 0x00000007ebb00000, 0x0000000800000000)
  eden space 13312K, 100% used [0x00000007eab00000,0x00000007eb800000,0x00000007eb800000)
  from space 512K, 0% used [0x00000007eba80000,0x00000007eba80000,0x00000007ebb00000)
  to   space 1536K, 0% used [0x00000007eb800000,0x00000007eb800000,0x00000007eb980000)
 ParOldGen       total 116224K, used 67838K [0x00000007c0000000, 0x00000007c7180000, 0x00000007eab00000)
  object space 116224K, 58% used [0x00000007c0000000,0x00000007c423f848,0x00000007c7180000)
 Metaspace       used 71699K, committed 72896K, reserved 1114112K
  class space    used 7666K, committed 8128K, reserved 1048576K
}
Event: 1706.504 GC heap after
{Heap after GC invocations=64 (full 6):
 PSYoungGen      total 14848K, used 1536K [0x00000007eab00000, 0x00000007ecf00000, 0x0000000800000000)
  eden space 13312K, 0% used [0x00000007eab00000,0x00000007eab00000,0x00000007eb800000)
  from space 1536K, 100% used [0x00000007eb800000,0x00000007eb980000,0x00000007eb980000)
  to   space 11264K, 0% used [0x00000007ec400000,0x00000007ec400000,0x00000007ecf00000)
 ParOldGen       total 116224K, used 75606K [0x00000007c0000000, 0x00000007c7180000, 0x00000007eab00000)
  object space 116224K, 65% used [0x00000007c0000000,0x00000007c49d5848,0x00000007c7180000)
 Metaspace       used 71699K, committed 72896K, reserved 1114112K
  class space    used 7666K, committed 8128K, reserved 1048576K
}
Event: 1706.676 GC heap before
{Heap before GC invocations=65 (full 6):
 PSYoungGen      total 14848K, used 14848K [0x00000007eab00000, 0x00000007ecf00000, 0x0000000800000000)
  eden space 13312K, 100% used [0x00000007eab00000,0x00000007eb800000,0x00000007eb800000)
  from space 1536K, 100% used [0x00000007eb800000,0x00000007eb980000,0x00000007eb980000)
  to   space 11264K, 0% used [0x00000007ec400000,0x00000007ec400000,0x00000007ecf00000)
 ParOldGen       total 116224K, used 75606K [0x00000007c0000000, 0x00000007c7180000, 0x00000007eab00000)
  object space 116224K, 65% used [0x00000007c0000000,0x00000007c49d5848,0x00000007c7180000)
 Metaspace       used 71699K, committed 72896K, reserved 1114112K
  class space    used 7666K, committed 8128K, reserved 1048576K
}
Event: 1706.699 GC heap after
{Heap after GC invocations=65 (full 6):
 PSYoungGen      total 24064K, used 9536K [0x00000007eab00000, 0x00000007ecd80000, 0x0000000800000000)
  eden space 14336K, 0% used [0x00000007eab00000,0x00000007eab00000,0x00000007eb900000)
  from space 9728K, 98% used [0x00000007ec400000,0x00000007ecd50000,0x00000007ecd80000)
  to   space 10240K, 0% used [0x00000007eb980000,0x00000007eb980000,0x00000007ec380000)
 ParOldGen       total 116224K, used 77142K [0x00000007c0000000, 0x00000007c7180000, 0x00000007eab00000)
  object space 116224K, 66% used [0x00000007c0000000,0x00000007c4b55848,0x00000007c7180000)
 Metaspace       used 71699K, committed 72896K, reserved 1114112K
  class space    used 7666K, committed 8128K, reserved 1048576K
}
Event: 1706.914 GC heap before
{Heap before GC invocations=66 (full 6):
 PSYoungGen      total 24064K, used 23872K [0x00000007eab00000, 0x00000007ecd80000, 0x0000000800000000)
  eden space 14336K, 100% used [0x00000007eab00000,0x00000007eb900000,0x00000007eb900000)
  from space 9728K, 98% used [0x00000007ec400000,0x00000007ecd50000,0x00000007ecd80000)
  to   space 10240K, 0% used [0x00000007eb980000,0x00000007eb980000,0x00000007ec380000)
 ParOldGen       total 116224K, used 77142K [0x00000007c0000000, 0x00000007c7180000, 0x00000007eab00000)
  object space 116224K, 66% used [0x00000007c0000000,0x00000007c4b55848,0x00000007c7180000)
 Metaspace       used 71702K, committed 72896K, reserved 1114112K
  class space    used 7666K, committed 8128K, reserved 1048576K
}
Event: 1706.931 GC heap after
{Heap after GC invocations=66 (full 6):
 PSYoungGen      total 25088K, used 10240K [0x00000007eab00000, 0x00000007ee400000, 0x0000000800000000)
  eden space 14848K, 0% used [0x00000007eab00000,0x00000007eab00000,0x00000007eb980000)
  from space 10240K, 100% used [0x00000007eb980000,0x00000007ec380000,0x00000007ec380000)
  to   space 21504K, 0% used [0x00000007ecf00000,0x00000007ecf00000,0x00000007ee400000)
 ParOldGen       total 116224K, used 86246K [0x00000007c0000000, 0x00000007c7180000, 0x00000007eab00000)
  object space 116224K, 74% used [0x00000007c0000000,0x00000007c5439848,0x00000007c7180000)
 Metaspace       used 71702K, committed 72896K, reserved 1114112K
  class space    used 7666K, committed 8128K, reserved 1048576K
}
Event: 1709.408 GC heap before
{Heap before GC invocations=67 (full 6):
 PSYoungGen      total 25088K, used 25088K [0x00000007eab00000, 0x00000007ee400000, 0x0000000800000000)
  eden space 14848K, 100% used [0x00000007eab00000,0x00000007eb980000,0x00000007eb980000)
  from space 10240K, 100% used [0x00000007eb980000,0x00000007ec380000,0x00000007ec380000)
  to   space 21504K, 0% used [0x00000007ecf00000,0x00000007ecf00000,0x00000007ee400000)
 ParOldGen       total 116224K, used 86246K [0x00000007c0000000, 0x00000007c7180000, 0x00000007eab00000)
  object space 116224K, 74% used [0x00000007c0000000,0x00000007c5439848,0x00000007c7180000)
 Metaspace       used 71809K, committed 72960K, reserved 1114112K
  class space    used 7677K, committed 8128K, reserved 1048576K
}
Event: 1709.427 GC heap after
{Heap after GC invocations=67 (full 6):
 PSYoungGen      total 25088K, used 9204K [0x00000007eab00000, 0x00000007ed800000, 0x0000000800000000)
  eden space 15872K, 0% used [0x00000007eab00000,0x00000007eab00000,0x00000007eba80000)
  from space 9216K, 99% used [0x00000007ecf00000,0x00000007ed7fd200,0x00000007ed800000)
  to   space 13312K, 0% used [0x00000007ebe00000,0x00000007ebe00000,0x00000007ecb00000)
 ParOldGen       total 116224K, used 96534K [0x00000007c0000000, 0x00000007c7180000, 0x00000007eab00000)
  object space 116224K, 83% used [0x00000007c0000000,0x00000007c5e45848,0x00000007c7180000)
 Metaspace       used 71809K, committed 72960K, reserved 1114112K
  class space    used 7677K, committed 8128K, reserved 1048576K
}
Event: 1709.678 GC heap before
{Heap before GC invocations=68 (full 6):
 PSYoungGen      total 25088K, used 25076K [0x00000007eab00000, 0x00000007ed800000, 0x0000000800000000)
  eden space 15872K, 100% used [0x00000007eab00000,0x00000007eba80000,0x00000007eba80000)
  from space 9216K, 99% used [0x00000007ecf00000,0x00000007ed7fd200,0x00000007ed800000)
  to   space 13312K, 0% used [0x00000007ebe00000,0x00000007ebe00000,0x00000007ecb00000)
 ParOldGen       total 116224K, used 96534K [0x00000007c0000000, 0x00000007c7180000, 0x00000007eab00000)
  object space 116224K, 83% used [0x00000007c0000000,0x00000007c5e45848,0x00000007c7180000)
 Metaspace       used 71998K, committed 73216K, reserved 1114112K
  class space    used 7715K, committed 8192K, reserved 1048576K
}
Event: 1709.688 GC heap after
{Heap after GC invocations=68 (full 6):
 PSYoungGen      total 30208K, used 13290K [0x00000007eab00000, 0x00000007edc80000, 0x0000000800000000)
  eden space 16896K, 0% used [0x00000007eab00000,0x00000007eab00000,0x00000007ebb80000)
  from space 13312K, 99% used [0x00000007ebe00000,0x00000007ecafaab0,0x00000007ecb00000)
  to   space 16896K, 0% used [0x00000007ecc00000,0x00000007ecc00000,0x00000007edc80000)
 ParOldGen       total 116224K, used 98566K [0x00000007c0000000, 0x00000007c7180000, 0x00000007eab00000)
  object space 116224K, 84% used [0x00000007c0000000,0x00000007c6041848,0x00000007c7180000)
 Metaspace       used 71998K, committed 73216K, reserved 1114112K
  class space    used 7715K, committed 8192K, reserved 1048576K
}
Event: 2597.293 GC heap before
{Heap before GC invocations=69 (full 6):
 PSYoungGen      total 30208K, used 30186K [0x00000007eab00000, 0x00000007edc80000, 0x0000000800000000)
  eden space 16896K, 100% used [0x00000007eab00000,0x00000007ebb80000,0x00000007ebb80000)
  from space 13312K, 99% used [0x00000007ebe00000,0x00000007ecafaab0,0x00000007ecb00000)
  to   space 16896K, 0% used [0x00000007ecc00000,0x00000007ecc00000,0x00000007edc80000)
 ParOldGen       total 116224K, used 98566K [0x00000007c0000000, 0x00000007c7180000, 0x00000007eab00000)
  object space 116224K, 84% used [0x00000007c0000000,0x00000007c6041848,0x00000007c7180000)
 Metaspace       used 72508K, committed 73664K, reserved 1114112K
  class space    used 7757K, committed 8256K, reserved 1048576K
}
Event: 2597.333 GC heap after
{Heap after GC invocations=69 (full 6):
 PSYoungGen      total 18432K, used 804K [0x00000007eab00000, 0x00000007ecd00000, 0x0000000800000000)
  eden space 17408K, 0% used [0x00000007eab00000,0x00000007eab00000,0x00000007ebc00000)
  from space 1024K, 78% used [0x00000007ecc00000,0x00000007eccc9210,0x00000007ecd00000)
  to   space 6656K, 0% used [0x00000007ec000000,0x00000007ec000000,0x00000007ec680000)
 ParOldGen       total 116224K, used 111897K [0x00000007c0000000, 0x00000007c7180000, 0x00000007eab00000)
  object space 116224K, 96% used [0x00000007c0000000,0x00000007c6d464f8,0x00000007c7180000)
 Metaspace       used 72508K, committed 73664K, reserved 1114112K
  class space    used 7757K, committed 8256K, reserved 1048576K
}
Event: 2597.333 GC heap before
{Heap before GC invocations=70 (full 7):
 PSYoungGen      total 18432K, used 804K [0x00000007eab00000, 0x00000007ecd00000, 0x0000000800000000)
  eden space 17408K, 0% used [0x00000007eab00000,0x00000007eab00000,0x00000007ebc00000)
  from space 1024K, 78% used [0x00000007ecc00000,0x00000007eccc9210,0x00000007ecd00000)
  to   space 6656K, 0% used [0x00000007ec000000,0x00000007ec000000,0x00000007ec680000)
 ParOldGen       total 116224K, used 111897K [0x00000007c0000000, 0x00000007c7180000, 0x00000007eab00000)
  object space 116224K, 96% used [0x00000007c0000000,0x00000007c6d464f8,0x00000007c7180000)
 Metaspace       used 72508K, committed 73664K, reserved 1114112K
  class space    used 7757K, committed 8256K, reserved 1048576K
}

